<?xml version="1.0" encoding="UTF-8"?>
<!-- Generated by org.testng.reporters.JUnitReportReporter -->
<testsuite skipped="0" hostname="BLT250" name="test.Test1" tests="3" failures="0" timestamp="2020-03-04T12:04:43 IST" time="22.765" errors="0">
  <testcase name="t5" time="6.920" classname="test.Test1"/>
  <testcase name="t5" time="4.133" classname="test.Test1"/>
  <testcase name="t5" time="11.712" classname="test.Test1"/>
</testsuite> <!-- test.Test1 -->
